<?xml version="1.0" encoding="UTF-8"?>
<!-- Generated by org.testng.reporters.JUnitReportReporter -->
<testsuite skipped="0" hostname="DESKTOP-KJ8KN98" name="TaskTest" tests="3" failures="0" timestamp="23 июл 2021 11:00:38 GMT" time="12.666" errors="0">
  <testcase name="notCorrectLogin" time="2.067" classname="TaskTest"/>
  <testcase name="notCorrectPassword" time="3.105" classname="TaskTest"/>
  <testcase name="successfulLogin" time="7.494" classname="TaskTest"/>
</testsuite> <!-- TaskTest -->
